==153572== Massif, a heap profiler
==153572== Copyright (C) 2003-2017, and GNU GPL'd, by Nicholas Nethercote
==153572== Using Valgrind-3.13.0 and LibVEX; rerun with -h for copyright info
==153572== Command: /app/compiler/intel/18.0.1/compilers_and_libraries_2018.1.163/linux/mpi/intel64/bin/mpirun ./a.out
==153572== 
==153579== 

HEATED_PLATE_OPENMP
  C/OpenMP version
  A program to solve for the steady state temperature distribution
  over a rectangular plate.

  Spatial grid of 2000 by 2000 points.
  The iteration will be repeated until the change is <= 1.000000e-03
  Number of processors available = 36

HEATED_PLATE_OPENMP
  C/OpenMP version
  A program to solve for the steady state temperature distribution
  over a rectangular plate.

  Spatial grid of 2000 by 2000 points.
  The iteration will be repeated until the change is <= 1.000000e-03
  Number of processors available = 36

HEATED_PLATE_OPENMP
  C/OpenMP version
  A program to solve for the steady state temperature distribution
  over a rectangular plate.

  Spatial grid of 2000 by 2000 points.
  The iteration will be repeated until the change is <= 1.000000e-03
  Number of processors available = 36

HEATED_PLATE_OPENMP
  C/OpenMP version
  A program to solve for the steady state temperature distribution
  over a rectangular plate.

  Spatial grid of 2000 by 2000 points.
  The iteration will be repeated until the change is <= 1.000000e-03
  Number of processors available = 36

HEATED_PLATE_OPENMP
  C/OpenMP version
  A program to solve for the steady state temperature distribution
  over a rectangular plate.

  Spatial grid of 2000 by 2000 points.
  The iteration will be repeated until the change is <= 1.000000e-03
  Number of processors available = 36

HEATED_PLATE_OPENMP
  C/OpenMP version
  A program to solve for the steady state temperature distribution
  over a rectangular plate.

  Spatial grid of 2000 by 2000 points.
  The iteration will be repeated until the change is <= 1.000000e-03
  Number of processors available = 36

HEATED_PLATE_OPENMP
  C/OpenMP version
  A program to solve for the steady state temperature distribution
  over a rectangular plate.

  Spatial grid of 2000 by 2000 points.
  The iteration will be repeated until the change is <= 1.000000e-03
  Number of processors available = 36

HEATED_PLATE_OPENMP
  C/OpenMP version
  A program to solve for the steady state temperature distribution
  over a rectangular plate.

  Spatial grid of 2000 by 2000 points.
  The iteration will be repeated until the change is <= 1.000000e-03
  Number of processors available = 36
  Number of processes =              8
  Number of processes =              8
  Number of processes =              8
  Number of processes =              8
  Number of processes =              8
  Number of processes =              8
  Number of processes =              8
  Number of processes =              8

  MEAN = 74.987494

 Iteration  Change

         1  18.746873
         2  9.373437
         4  4.100879
         8  2.290725
        16  1.137174
        32  0.568486
        64  0.282946
       128  0.141848
       256  0.070844
       512  0.035445
      1024  0.017716
      2048  0.008860
      4096  0.004430
      8192  0.002215
     16384  0.001107
     18145  0.001000

  Error tolerance achieved.
  Wallclock time = 120.458917
==156476== 
==153572== 
